#
# A fatal error has been detected by the Java Runtime Environment:
#
#  Internal Error (classFileParser.cpp:3494), pid=8330, tid=140207188125440
#  Error: ShouldNotReachHere()
#
# JRE version: 6.0_27-b27
# Java VM: OpenJDK 64-Bit Server VM (20.0-b12 mixed mode linux-amd64 compressed oops)
# Derivative: IcedTea6 1.12.3
# Distribution: Ubuntu 12.04 LTS, package 6b27-1.12.3-0ubuntu1~12.04.1
# If you would like to submit a bug report, please include
# instructions how to reproduce the bug and visit:
#   https://bugs.launchpad.net/ubuntu/+source/openjdk-6/
#

---------------  T H R E A D  ---------------

Current thread (0x00007f8480007800):  JavaThread "Unknown thread" [_thread_in_vm, id=8335, stack(0x00007f848794a000,0x00007f8487a4b000)]

Stack: [0x00007f848794a000,0x00007f8487a4b000],  sp=0x00007f8487a49080,  free space=1020k
Native frames: (J=compiled Java code, j=interpreted, Vv=VM code, C=native code)
V  [libjvm.so+0x784725]  VMError::report(outputStream*)+0x1255
V  [libjvm.so+0x7849a9]  VMError::report_and_die()+0x169
V  [libjvm.so+0x3bb66a]  report_vm_error(char const*, int, char const*, char const*)+0x4a
V  [libjvm.so+0x351a05]  ClassFileParser::parseClassFile(symbolHandle, Handle, Handle, KlassHandle, GrowableArray<Handle>*, symbolHandle&, bool, Thread*)+0x1545
V  [libjvm.so+0x355c63]  ClassLoader::load_classfile(symbolHandle, Thread*)+0x1f3
V  [libjvm.so+0x71c8d4]  SystemDictionary::load_instance_class(symbolHandle, Handle, Thread*)+0x354
V  [libjvm.so+0x71afe0]  SystemDictionary::resolve_instance_class_or_null(symbolHandle, Handle, Handle, Thread*)+0x7c0
V  [libjvm.so+0x71cf63]  SystemDictionary::resolve_or_fail(symbolHandle, Handle, Handle, bool, Thread*)+0x33
V  [libjvm.so+0x71d044]  SystemDictionary::resolve_or_fail(symbolHandle, bool, Thread*)+0x14
V  [libjvm.so+0x71d0f0]  SystemDictionary::initialize_wk_klass(SystemDictionary::WKID, int, Thread*)+0xa0
V  [libjvm.so+0x71d159]  SystemDictionary::initialize_wk_klasses_until(SystemDictionary::WKID, SystemDictionary::WKID&, Thread*)+0x59
V  [libjvm.so+0x71d251]  SystemDictionary::initialize_preloaded_classes(Thread*)+0x71
V  [libjvm.so+0x760adf]  Universe::genesis(Thread*)+0x11f
V  [libjvm.so+0x76148f]  universe2_init()+0x1f
V  [libjvm.so+0x4746f5]  init_globals()+0x95
V  [libjvm.so+0x74b40a]  Threads::create_vm(JavaVMInitArgs*, bool*)+0x1ea
V  [libjvm.so+0x4ce551]  JNI_CreateJavaVM+0x61
C  [java+0x317e]  JavaMain+0x7e


---------------  P R O C E S S  ---------------

Java Threads: ( => current thread )

Other Threads:

=>0x00007f8480007800 (exited) JavaThread "Unknown thread" [_thread_in_vm, id=8335, stack(0x00007f848794a000,0x00007f8487a4b000)]

VM state:not at safepoint (not fully initialized)

VM Mutex/Monitor currently owned by a thread: None

Dynamic libraries:
00400000-00409000 r-xp 00000000 08:05 2107714                            /usr/lib/jvm/java-6-openjdk-amd64/jre/bin/java
00608000-00609000 r--p 00008000 08:05 2107714                            /usr/lib/jvm/java-6-openjdk-amd64/jre/bin/java
00609000-0060a000 rw-p 00009000 08:05 2107714                            /usr/lib/jvm/java-6-openjdk-amd64/jre/bin/java
00eae000-00ecf000 rw-p 00000000 00:00 0                                  [heap]
99200000-9a6c0000 rw-p 00000000 00:00 0 
9a6c0000-a3800000 rw-p 00000000 00:00 0 
a3800000-a75b0000 rw-p 00000000 00:00 0 
a75b0000-e12b0000 rw-p 00000000 00:00 0 
e12b0000-e3180000 rw-p 00000000 00:00 0 
e3180000-100000000 rw-p 00000000 00:00 0 
7f8440000000-7f8440021000 rw-p 00000000 00:00 0 
7f8440021000-7f8444000000 ---p 00000000 00:00 0 
7f8448000000-7f8448021000 rw-p 00000000 00:00 0 
7f8448021000-7f844c000000 ---p 00000000 00:00 0 
7f8450000000-7f8450021000 rw-p 00000000 00:00 0 
7f8450021000-7f8454000000 ---p 00000000 00:00 0 
7f8458000000-7f8458021000 rw-p 00000000 00:00 0 
7f8458021000-7f845c000000 ---p 00000000 00:00 0 
7f8460000000-7f8460021000 rw-p 00000000 00:00 0 
7f8460021000-7f8464000000 ---p 00000000 00:00 0 
7f8468000000-7f8468021000 rw-p 00000000 00:00 0 
7f8468021000-7f846c000000 ---p 00000000 00:00 0 
7f8470000000-7f8470021000 rw-p 00000000 00:00 0 
7f8470021000-7f8474000000 ---p 00000000 00:00 0 
7f8478000000-7f8478021000 rw-p 00000000 00:00 0 
7f8478021000-7f847c000000 ---p 00000000 00:00 0 
7f847c934000-7f847c9fa000 r--s 0116f000 08:05 4072361                    /home/omar/Escritorio/adt-bundle-linux-x86_64-20130219/sdk/platforms/android-17/android.jar
7f847c9fa000-7f847c9fb000 ---p 00000000 00:00 0 
7f847c9fb000-7f847cafb000 rw-p 00000000 00:00 0                          [stack:8343]
7f847cafb000-7f847cafc000 ---p 00000000 00:00 0 
7f847cafc000-7f847cbfc000 rw-p 00000000 00:00 0                          [stack:8342]
7f847cbfc000-7f847cbfd000 ---p 00000000 00:00 0 
7f847cbfd000-7f847ccfd000 rw-p 00000000 00:00 0                          [stack:8341]
7f847ccfd000-7f847ccfe000 ---p 00000000 00:00 0 
7f847ccfe000-7f847cdfe000 rw-p 00000000 00:00 0                          [stack:8340]
7f847cdfe000-7f847cdff000 ---p 00000000 00:00 0 
7f847cdff000-7f847ceff000 rw-p 00000000 00:00 0                          [stack:8339]
7f847ceff000-7f847cf00000 ---p 00000000 00:00 0 
7f847cf00000-7f847d000000 rw-p 00000000 00:00 0                          [stack:8338]
7f847d000000-7f847d270000 rwxp 00000000 00:00 0 
7f847d270000-7f8480087000 rw-p 00000000 00:00 0 
7f8480087000-7f8484000000 ---p 00000000 00:00 0 
7f8484044000-7f848406c000 rw-p 00000000 00:00 0 
7f848406c000-7f848406d000 ---p 00000000 00:00 0 
7f848406d000-7f848416d000 rw-p 00000000 00:00 0                          [stack:8337]
7f848416d000-7f848416e000 ---p 00000000 00:00 0 
7f848416e000-7f8484279000 rw-p 00000000 00:00 0                          [stack:8336]
7f8484279000-7f84842c1000 rw-p 00000000 00:00 0 
7f84842c1000-7f84842e0000 rw-p 00000000 00:00 0 
7f84842e0000-7f84844af000 rw-p 00000000 00:00 0 
7f84844af000-7f84844ba000 rw-p 00000000 00:00 0 
7f84844ba000-7f8484502000 rw-p 00000000 00:00 0 
7f8484502000-7f8484521000 rw-p 00000000 00:00 0 
7f8484521000-7f84846ef000 rw-p 00000000 00:00 0 
7f84846ef000-7f84846ff000 rw-p 00000000 00:00 0 
7f84846ff000-7f84847e6000 rw-p 00000000 00:00 0 
7f84847e6000-7f84847e7000 rw-p 00000000 00:00 0 
7f84847e7000-7f84847ee000 r-xp 00000000 08:05 1978942                    /usr/lib/jvm/java-6-openjdk-amd64/jre/lib/amd64/libzip.so
7f84847ee000-7f84849ed000 ---p 00007000 08:05 1978942                    /usr/lib/jvm/java-6-openjdk-amd64/jre/lib/amd64/libzip.so
7f84849ed000-7f84849ee000 r--p 00006000 08:05 1978942                    /usr/lib/jvm/java-6-openjdk-amd64/jre/lib/amd64/libzip.so
7f84849ee000-7f84849ef000 rw-p 00007000 08:05 1978942                    /usr/lib/jvm/java-6-openjdk-amd64/jre/lib/amd64/libzip.so
7f84849ef000-7f84849fb000 r-xp 00000000 08:05 4198040                    /lib/x86_64-linux-gnu/libnss_files-2.15.so
7f84849fb000-7f8484bfa000 ---p 0000c000 08:05 4198040                    /lib/x86_64-linux-gnu/libnss_files-2.15.so
7f8484bfa000-7f8484bfb000 r--p 0000b000 08:05 4198040                    /lib/x86_64-linux-gnu/libnss_files-2.15.so
7f8484bfb000-7f8484bfc000 rw-p 0000c000 08:05 4198040                    /lib/x86_64-linux-gnu/libnss_files-2.15.so
7f8484bfc000-7f8484c06000 r-xp 00000000 08:05 4198044                    /lib/x86_64-linux-gnu/libnss_nis-2.15.so
7f8484c06000-7f8484e06000 ---p 0000a000 08:05 4198044                    /lib/x86_64-linux-gnu/libnss_nis-2.15.so
7f8484e06000-7f8484e07000 r--p 0000a000 08:05 4198044                    /lib/x86_64-linux-gnu/libnss_nis-2.15.so
7f8484e07000-7f8484e08000 rw-p 0000b000 08:05 4198044                    /lib/x86_64-linux-gnu/libnss_nis-2.15.so
7f8484e08000-7f8484e1f000 r-xp 00000000 08:05 4198034                    /lib/x86_64-linux-gnu/libnsl-2.15.so
7f8484e1f000-7f848501e000 ---p 00017000 08:05 4198034                    /lib/x86_64-linux-gnu/libnsl-2.15.so
7f848501e000-7f848501f000 r--p 00016000 08:05 4198034                    /lib/x86_64-linux-gnu/libnsl-2.15.so
7f848501f000-7f8485020000 rw-p 00017000 08:05 4198034                    /lib/x86_64-linux-gnu/libnsl-2.15.so
7f8485020000-7f8485022000 rw-p 00000000 00:00 0 
7f8485022000-7f848502a000 r-xp 00000000 08:05 4198036                    /lib/x86_64-linux-gnu/libnss_compat-2.15.so
7f848502a000-7f8485229000 ---p 00008000 08:05 4198036                    /lib/x86_64-linux-gnu/libnss_compat-2.15.so
7f8485229000-7f848522a000 r--p 00007000 08:05 4198036                    /lib/x86_64-linux-gnu/libnss_compat-2.15.so
7f848522a000-7f848522b000 rw-p 00008000 08:05 4198036                    /lib/x86_64-linux-gnu/libnss_compat-2.15.so
7f848522b000-7f8485257000 r-xp 00000000 08:05 1978930                    /usr/lib/jvm/java-6-openjdk-amd64/jre/lib/amd64/libjava.so
7f8485257000-7f8485456000 ---p 0002c000 08:05 1978930                    /usr/lib/jvm/java-6-openjdk-amd64/jre/lib/amd64/libjava.so
7f8485456000-7f8485457000 r--p 0002b000 08:05 1978930                    /usr/lib/jvm/java-6-openjdk-amd64/jre/lib/amd64/libjava.so
7f8485457000-7f848545a000 rw-p 0002c000 08:05 1978930                    /usr/lib/jvm/java-6-openjdk-amd64/jre/lib/amd64/libjava.so
7f848545a000-7f8485468000 r-xp 00000000 08:05 1978929                    /usr/lib/jvm/java-6-openjdk-amd64/jre/lib/amd64/libverify.so
7f8485468000-7f8485667000 ---p 0000e000 08:05 1978929                    /usr/lib/jvm/java-6-openjdk-amd64/jre/lib/amd64/libverify.so
7f8485667000-7f8485669000 r--p 0000d000 08:05 1978929                    /usr/lib/jvm/java-6-openjdk-amd64/jre/lib/amd64/libverify.so
7f8485669000-7f848566a000 rw-p 0000f000 08:05 1978929                    /usr/lib/jvm/java-6-openjdk-amd64/jre/lib/amd64/libverify.so
7f848566a000-7f8485671000 r-xp 00000000 08:05 4198075                    /lib/x86_64-linux-gnu/librt-2.15.so
7f8485671000-7f8485870000 ---p 00007000 08:05 4198075                    /lib/x86_64-linux-gnu/librt-2.15.so
7f8485870000-7f8485871000 r--p 00006000 08:05 4198075                    /lib/x86_64-linux-gnu/librt-2.15.so
7f8485871000-7f8485872000 rw-p 00007000 08:05 4198075                    /lib/x86_64-linux-gnu/librt-2.15.so
7f8485872000-7f8485887000 r-xp 00000000 08:05 4198010                    /lib/x86_64-linux-gnu/libgcc_s.so.1
7f8485887000-7f8485a86000 ---p 00015000 08:05 4198010                    /lib/x86_64-linux-gnu/libgcc_s.so.1
7f8485a86000-7f8485a87000 r--p 00014000 08:05 4198010                    /lib/x86_64-linux-gnu/libgcc_s.so.1
7f8485a87000-7f8485a88000 rw-p 00015000 08:05 4198010                    /lib/x86_64-linux-gnu/libgcc_s.so.1
7f8485a88000-7f8485b83000 r-xp 00000000 08:05 4198021                    /lib/x86_64-linux-gnu/libm-2.15.so
7f8485b83000-7f8485d82000 ---p 000fb000 08:05 4198021                    /lib/x86_64-linux-gnu/libm-2.15.so
7f8485d82000-7f8485d83000 r--p 000fa000 08:05 4198021                    /lib/x86_64-linux-gnu/libm-2.15.so
7f8485d83000-7f8485d84000 rw-p 000fb000 08:05 4198021                    /lib/x86_64-linux-gnu/libm-2.15.so
7f8485d84000-7f8485e66000 r-xp 00000000 08:05 1974217                    /usr/lib/x86_64-linux-gnu/libstdc++.so.6.0.16
7f8485e66000-7f8486065000 ---p 000e2000 08:05 1974217                    /usr/lib/x86_64-linux-gnu/libstdc++.so.6.0.16
7f8486065000-7f848606d000 r--p 000e1000 08:05 1974217                    /usr/lib/x86_64-linux-gnu/libstdc++.so.6.0.16
7f848606d000-7f848606f000 rw-p 000e9000 08:05 1974217                    /usr/lib/x86_64-linux-gnu/libstdc++.so.6.0.16
7f848606f000-7f8486084000 rw-p 00000000 00:00 0 
7f8486084000-7f8486989000 r-xp 00000000 08:05 2107712                    /usr/lib/jvm/java-6-openjdk-amd64/jre/lib/amd64/server/libjvm.so
7f8486989000-7f8486b89000 ---p 00905000 08:05 2107712                    /usr/lib/jvm/java-6-openjdk-amd64/jre/lib/amd64/server/libjvm.so
7f8486b89000-7f8486c09000 r--p 00905000 08:05 2107712                    /usr/lib/jvm/java-6-openjdk-amd64/jre/lib/amd64/server/libjvm.so
7f8486c09000-7f8486c24000 rw-p 00985000 08:05 2107712                    /usr/lib/jvm/java-6-openjdk-amd64/jre/lib/amd64/server/libjvm.so
7f8486c24000-7f8486c4d000 rw-p 00000000 00:00 0 
7f8486c4d000-7f8486c63000 r-xp 00000000 08:05 4198100                    /lib/x86_64-linux-gnu/libz.so.1.2.3.4
7f8486c63000-7f8486e62000 ---p 00016000 08:05 4198100                    /lib/x86_64-linux-gnu/libz.so.1.2.3.4
7f8486e62000-7f8486e63000 r--p 00015000 08:05 4198100                    /lib/x86_64-linux-gnu/libz.so.1.2.3.4
7f8486e63000-7f8486e64000 rw-p 00016000 08:05 4198100                    /lib/x86_64-linux-gnu/libz.so.1.2.3.4
7f8486e64000-7f8487019000 r-xp 00000000 08:05 4197989                    /lib/x86_64-linux-gnu/libc-2.15.so
7f8487019000-7f8487218000 ---p 001b5000 08:05 4197989                    /lib/x86_64-linux-gnu/libc-2.15.so
7f8487218000-7f848721c000 r--p 001b4000 08:05 4197989                    /lib/x86_64-linux-gnu/libc-2.15.so
7f848721c000-7f848721e000 rw-p 001b8000 08:05 4197989                    /lib/x86_64-linux-gnu/libc-2.15.so
7f848721e000-7f8487223000 rw-p 00000000 00:00 0 
7f8487223000-7f8487225000 r-xp 00000000 08:05 4198002                    /lib/x86_64-linux-gnu/libdl-2.15.so
7f8487225000-7f8487425000 ---p 00002000 08:05 4198002                    /lib/x86_64-linux-gnu/libdl-2.15.so
7f8487425000-7f8487426000 r--p 00002000 08:05 4198002                    /lib/x86_64-linux-gnu/libdl-2.15.so
7f8487426000-7f8487427000 rw-p 00003000 08:05 4198002                    /lib/x86_64-linux-gnu/libdl-2.15.so
7f8487427000-7f848742b000 r-xp 00000000 08:05 1978916                    /usr/lib/jvm/java-6-openjdk-amd64/jre/lib/amd64/jli/libjli.so
7f848742b000-7f848762a000 ---p 00004000 08:05 1978916                    /usr/lib/jvm/java-6-openjdk-amd64/jre/lib/amd64/jli/libjli.so
7f848762a000-7f848762b000 r--p 00003000 08:05 1978916                    /usr/lib/jvm/java-6-openjdk-amd64/jre/lib/amd64/jli/libjli.so
7f848762b000-7f848762c000 rw-p 00004000 08:05 1978916                    /usr/lib/jvm/java-6-openjdk-amd64/jre/lib/amd64/jli/libjli.so
7f848762c000-7f8487644000 r-xp 00000000 08:05 4198069                    /lib/x86_64-linux-gnu/libpthread-2.15.so
7f8487644000-7f8487843000 ---p 00018000 08:05 4198069                    /lib/x86_64-linux-gnu/libpthread-2.15.so
7f8487843000-7f8487844000 r--p 00017000 08:05 4198069                    /lib/x86_64-linux-gnu/libpthread-2.15.so
7f8487844000-7f8487845000 rw-p 00018000 08:05 4198069                    /lib/x86_64-linux-gnu/libpthread-2.15.so
7f8487845000-7f8487849000 rw-p 00000000 00:00 0 
7f8487849000-7f848786b000 r-xp 00000000 08:05 4197969                    /lib/x86_64-linux-gnu/ld-2.15.so
7f848788a000-7f8487894000 rw-p 00000000 00:00 0 
7f8487894000-7f848794a000 rw-p 00000000 00:00 0 
7f848794a000-7f848794d000 ---p 00000000 00:00 0 
7f848794d000-7f8487a50000 rw-p 00000000 00:00 0                          [stack:8335]
7f8487a5f000-7f8487a67000 rw-s 00000000 08:05 3041711                    /tmp/hsperfdata_omar/8330
7f8487a67000-7f8487a68000 rw-p 00000000 00:00 0 
7f8487a68000-7f8487a69000 r--p 00000000 00:00 0 
7f8487a69000-7f8487a6b000 rw-p 00000000 00:00 0 
7f8487a6b000-7f8487a6c000 r--p 00022000 08:05 4197969                    /lib/x86_64-linux-gnu/ld-2.15.so
7f8487a6c000-7f8487a6e000 rw-p 00023000 08:05 4197969                    /lib/x86_64-linux-gnu/ld-2.15.so
7fff7427e000-7fff7429f000 rw-p 00000000 00:00 0                          [stack]
7fff742c0000-7fff742c1000 r-xp 00000000 00:00 0                          [vdso]
ffffffffff600000-ffffffffff601000 r-xp 00000000 00:00 0                  [vsyscall]

VM Arguments:
jvm_args: -Dfile.encoding=UTF-8 -Xbootclasspath:/home/omar/Escritorio/adt-bundle-linux-x86_64-20130219/sdk/platforms/android-17/android.jar 
java_command: com.example.udp1.Main
Launcher Type: SUN_STANDARD

Environment Variables:
PATH=/usr/lib/lightdm/lightdm:/usr/local/sbin:/usr/local/bin:/usr/sbin:/usr/bin:/sbin:/bin:/usr/games
LD_LIBRARY_PATH=/usr/lib/jvm/java-6-openjdk-amd64/jre/lib/amd64/server:/usr/lib/jvm/java-6-openjdk-amd64/jre/lib/amd64:/usr/lib/jvm/java-6-openjdk-amd64/jre/../lib/amd64
SHELL=/bin/bash
DISPLAY=:0.0

Signal Handlers:
SIGSEGV: [libjvm.so+0x785360], sa_mask[0]=0x7ffbfeff, sa_flags=0x10000004
SIGBUS: [libjvm.so+0x785360], sa_mask[0]=0x7ffbfeff, sa_flags=0x10000004
SIGFPE: [libjvm.so+0x648dc0], sa_mask[0]=0x7ffbfeff, sa_flags=0x10000004
SIGPIPE: [libjvm.so+0x648dc0], sa_mask[0]=0x7ffbfeff, sa_flags=0x10000004
SIGXFSZ: [libjvm.so+0x648dc0], sa_mask[0]=0x7ffbfeff, sa_flags=0x10000004
SIGILL: [libjvm.so+0x648dc0], sa_mask[0]=0x7ffbfeff, sa_flags=0x10000004
SIGUSR1: SIG_DFL, sa_mask[0]=0x00000000, sa_flags=0x00000000
SIGUSR2: [libjvm.so+0x648f70], sa_mask[0]=0x00000004, sa_flags=0x10000004
SIGHUP: SIG_DFL, sa_mask[0]=0x00000000, sa_flags=0x00000000
SIGINT: SIG_DFL, sa_mask[0]=0x00000000, sa_flags=0x00000000
SIGTERM: SIG_DFL, sa_mask[0]=0x00000000, sa_flags=0x00000000
SIGQUIT: SIG_DFL, sa_mask[0]=0x00000000, sa_flags=0x00000000


---------------  S Y S T E M  ---------------

OS:Ubuntu 12.04 (precise)
uname:Linux 3.5.0-23-generic #35~precise1-Ubuntu SMP Fri Jan 25 17:13:26 UTC 2013 x86_64
libc:glibc 2.15 NPTL 2.15 
rlimit: STACK 8192k, CORE 0k, NPROC 47200, NOFILE 4096, AS infinity
load average:0.20 0.38 0.48

/proc/meminfo:
MemTotal:        6060212 kB
MemFree:         2554432 kB
Buffers:          143300 kB
Cached:          1721892 kB
SwapCached:            0 kB
Active:          1991704 kB
Inactive:        1266968 kB
Active(anon):    1545940 kB
Inactive(anon):   370500 kB
Active(file):     445764 kB
Inactive(file):   896468 kB
Unevictable:           0 kB
Mlocked:               0 kB
SwapTotal:       6236156 kB
SwapFree:        6236156 kB
Dirty:               508 kB
Writeback:             0 kB
AnonPages:       1393896 kB
Mapped:           189276 kB
Shmem:            522964 kB
Slab:             110716 kB
SReclaimable:      71172 kB
SUnreclaim:        39544 kB
KernelStack:        4400 kB
PageTables:        38300 kB
NFS_Unstable:          0 kB
Bounce:                0 kB
WritebackTmp:          0 kB
CommitLimit:     9266260 kB
Committed_AS:    5308192 kB
VmallocTotal:   34359738367 kB
VmallocUsed:      564536 kB
VmallocChunk:   34359140932 kB
HardwareCorrupted:     0 kB
AnonHugePages:         0 kB
HugePages_Total:       0
HugePages_Free:        0
HugePages_Rsvd:        0
HugePages_Surp:        0
Hugepagesize:       2048 kB
DirectMap4k:       77824 kB
DirectMap2M:     6162432 kB


CPU:total 8 (4 cores per cpu, 2 threads per core) family 6 model 42 stepping 7, cmov, cx8, fxsr, mmx, sse, sse2, sse3, ssse3, sse4.1, sse4.2, popcnt, ht

Memory: 4k page, physical 6060212k(2554432k free), swap 6236156k(6236156k free)

vm_info: OpenJDK 64-Bit Server VM (20.0-b12) for linux-amd64 JRE (1.6.0_27-b27), built on Mar  5 2013 00:27:30 by "buildd" with gcc 4.6.3

time: Thu Apr 18 23:11:45 2013
elapsed time: 0 seconds

