#
# A fatal error has been detected by the Java Runtime Environment:
#
#  Internal Error (classFileParser.cpp:3494), pid=8188, tid=140476491429632
#  Error: ShouldNotReachHere()
#
# JRE version: 6.0_27-b27
# Java VM: OpenJDK 64-Bit Server VM (20.0-b12 mixed mode linux-amd64 compressed oops)
# Derivative: IcedTea6 1.12.3
# Distribution: Ubuntu 12.04 LTS, package 6b27-1.12.3-0ubuntu1~12.04.1
# If you would like to submit a bug report, please include
# instructions how to reproduce the bug and visit:
#   https://bugs.launchpad.net/ubuntu/+source/openjdk-6/
#

---------------  T H R E A D  ---------------

Current thread (0x00007fc334007800):  JavaThread "Unknown thread" [_thread_in_vm, id=8192, stack(0x00007fc33b4ef000,0x00007fc33b5f0000)]

Stack: [0x00007fc33b4ef000,0x00007fc33b5f0000],  sp=0x00007fc33b5ee080,  free space=1020k
Native frames: (J=compiled Java code, j=interpreted, Vv=VM code, C=native code)
V  [libjvm.so+0x784725]  VMError::report(outputStream*)+0x1255
V  [libjvm.so+0x7849a9]  VMError::report_and_die()+0x169
V  [libjvm.so+0x3bb66a]  report_vm_error(char const*, int, char const*, char const*)+0x4a
V  [libjvm.so+0x351a05]  ClassFileParser::parseClassFile(symbolHandle, Handle, Handle, KlassHandle, GrowableArray<Handle>*, symbolHandle&, bool, Thread*)+0x1545
V  [libjvm.so+0x355c63]  ClassLoader::load_classfile(symbolHandle, Thread*)+0x1f3
V  [libjvm.so+0x71c8d4]  SystemDictionary::load_instance_class(symbolHandle, Handle, Thread*)+0x354
V  [libjvm.so+0x71afe0]  SystemDictionary::resolve_instance_class_or_null(symbolHandle, Handle, Handle, Thread*)+0x7c0
V  [libjvm.so+0x71cf63]  SystemDictionary::resolve_or_fail(symbolHandle, Handle, Handle, bool, Thread*)+0x33
V  [libjvm.so+0x71d044]  SystemDictionary::resolve_or_fail(symbolHandle, bool, Thread*)+0x14
V  [libjvm.so+0x71d0f0]  SystemDictionary::initialize_wk_klass(SystemDictionary::WKID, int, Thread*)+0xa0
V  [libjvm.so+0x71d159]  SystemDictionary::initialize_wk_klasses_until(SystemDictionary::WKID, SystemDictionary::WKID&, Thread*)+0x59
V  [libjvm.so+0x71d251]  SystemDictionary::initialize_preloaded_classes(Thread*)+0x71
V  [libjvm.so+0x760adf]  Universe::genesis(Thread*)+0x11f
V  [libjvm.so+0x76148f]  universe2_init()+0x1f
V  [libjvm.so+0x4746f5]  init_globals()+0x95
V  [libjvm.so+0x74b40a]  Threads::create_vm(JavaVMInitArgs*, bool*)+0x1ea
V  [libjvm.so+0x4ce551]  JNI_CreateJavaVM+0x61
C  [java+0x317e]  JavaMain+0x7e


---------------  P R O C E S S  ---------------

Java Threads: ( => current thread )

Other Threads:

=>0x00007fc334007800 (exited) JavaThread "Unknown thread" [_thread_in_vm, id=8192, stack(0x00007fc33b4ef000,0x00007fc33b5f0000)]

VM state:not at safepoint (not fully initialized)

VM Mutex/Monitor currently owned by a thread: None

Dynamic libraries:
00400000-00409000 r-xp 00000000 08:05 2107714                            /usr/lib/jvm/java-6-openjdk-amd64/jre/bin/java
00608000-00609000 r--p 00008000 08:05 2107714                            /usr/lib/jvm/java-6-openjdk-amd64/jre/bin/java
00609000-0060a000 rw-p 00009000 08:05 2107714                            /usr/lib/jvm/java-6-openjdk-amd64/jre/bin/java
01752000-01773000 rw-p 00000000 00:00 0                                  [heap]
99200000-9a6c0000 rw-p 00000000 00:00 0 
9a6c0000-a3800000 rw-p 00000000 00:00 0 
a3800000-a75b0000 rw-p 00000000 00:00 0 
a75b0000-e12b0000 rw-p 00000000 00:00 0 
e12b0000-e3180000 rw-p 00000000 00:00 0 
e3180000-100000000 rw-p 00000000 00:00 0 
7fc2fc000000-7fc2fc021000 rw-p 00000000 00:00 0 
7fc2fc021000-7fc300000000 ---p 00000000 00:00 0 
7fc304000000-7fc304021000 rw-p 00000000 00:00 0 
7fc304021000-7fc308000000 ---p 00000000 00:00 0 
7fc30c000000-7fc30c021000 rw-p 00000000 00:00 0 
7fc30c021000-7fc310000000 ---p 00000000 00:00 0 
7fc314000000-7fc314021000 rw-p 00000000 00:00 0 
7fc314021000-7fc318000000 ---p 00000000 00:00 0 
7fc31c000000-7fc31c021000 rw-p 00000000 00:00 0 
7fc31c021000-7fc320000000 ---p 00000000 00:00 0 
7fc324000000-7fc324021000 rw-p 00000000 00:00 0 
7fc324021000-7fc328000000 ---p 00000000 00:00 0 
7fc328000000-7fc328021000 rw-p 00000000 00:00 0 
7fc328021000-7fc32c000000 ---p 00000000 00:00 0 
7fc32c000000-7fc32c021000 rw-p 00000000 00:00 0 
7fc32c021000-7fc330000000 ---p 00000000 00:00 0 
7fc33051c000-7fc3305e2000 r--s 0116f000 08:05 4072361                    /home/omar/Escritorio/adt-bundle-linux-x86_64-20130219/sdk/platforms/android-17/android.jar
7fc3305e2000-7fc33060a000 rw-p 00000000 00:00 0 
7fc33060a000-7fc33060b000 ---p 00000000 00:00 0 
7fc33060b000-7fc33070b000 rw-p 00000000 00:00 0                          [stack:8200]
7fc33070b000-7fc33070c000 ---p 00000000 00:00 0 
7fc33070c000-7fc33080c000 rw-p 00000000 00:00 0                          [stack:8199]
7fc33080c000-7fc33080d000 ---p 00000000 00:00 0 
7fc33080d000-7fc33090d000 rw-p 00000000 00:00 0                          [stack:8198]
7fc33090d000-7fc33090e000 ---p 00000000 00:00 0 
7fc33090e000-7fc330a0e000 rw-p 00000000 00:00 0                          [stack:8197]
7fc330a0e000-7fc330a0f000 ---p 00000000 00:00 0 
7fc330a0f000-7fc330b0f000 rw-p 00000000 00:00 0                          [stack:8196]
7fc330b0f000-7fc330b10000 ---p 00000000 00:00 0 
7fc330b10000-7fc330c10000 rw-p 00000000 00:00 0                          [stack:8195]
7fc330c10000-7fc330c11000 ---p 00000000 00:00 0 
7fc330c11000-7fc330d11000 rw-p 00000000 00:00 0                          [stack:8194]
7fc330d11000-7fc330d12000 ---p 00000000 00:00 0 
7fc330d12000-7fc330e31000 rw-p 00000000 00:00 0                          [stack:8193]
7fc330e31000-7fc331000000 rw-p 00000000 00:00 0 
7fc331000000-7fc331270000 rwxp 00000000 00:00 0 
7fc331270000-7fc334087000 rw-p 00000000 00:00 0 
7fc334087000-7fc338000000 ---p 00000000 00:00 0 
7fc338001000-7fc33800c000 rw-p 00000000 00:00 0 
7fc33800c000-7fc338054000 rw-p 00000000 00:00 0 
7fc338054000-7fc33805f000 rw-p 00000000 00:00 0 
7fc33805f000-7fc3380a7000 rw-p 00000000 00:00 0 
7fc3380a7000-7fc3380c6000 rw-p 00000000 00:00 0 
7fc3380c6000-7fc338294000 rw-p 00000000 00:00 0 
7fc338294000-7fc3382a4000 rw-p 00000000 00:00 0 
7fc3382a4000-7fc33838b000 rw-p 00000000 00:00 0 
7fc33838b000-7fc33838c000 rw-p 00000000 00:00 0 
7fc33838c000-7fc338393000 r-xp 00000000 08:05 1978942                    /usr/lib/jvm/java-6-openjdk-amd64/jre/lib/amd64/libzip.so
7fc338393000-7fc338592000 ---p 00007000 08:05 1978942                    /usr/lib/jvm/java-6-openjdk-amd64/jre/lib/amd64/libzip.so
7fc338592000-7fc338593000 r--p 00006000 08:05 1978942                    /usr/lib/jvm/java-6-openjdk-amd64/jre/lib/amd64/libzip.so
7fc338593000-7fc338594000 rw-p 00007000 08:05 1978942                    /usr/lib/jvm/java-6-openjdk-amd64/jre/lib/amd64/libzip.so
7fc338594000-7fc3385a0000 r-xp 00000000 08:05 4198040                    /lib/x86_64-linux-gnu/libnss_files-2.15.so
7fc3385a0000-7fc33879f000 ---p 0000c000 08:05 4198040                    /lib/x86_64-linux-gnu/libnss_files-2.15.so
7fc33879f000-7fc3387a0000 r--p 0000b000 08:05 4198040                    /lib/x86_64-linux-gnu/libnss_files-2.15.so
7fc3387a0000-7fc3387a1000 rw-p 0000c000 08:05 4198040                    /lib/x86_64-linux-gnu/libnss_files-2.15.so
7fc3387a1000-7fc3387ab000 r-xp 00000000 08:05 4198044                    /lib/x86_64-linux-gnu/libnss_nis-2.15.so
7fc3387ab000-7fc3389ab000 ---p 0000a000 08:05 4198044                    /lib/x86_64-linux-gnu/libnss_nis-2.15.so
7fc3389ab000-7fc3389ac000 r--p 0000a000 08:05 4198044                    /lib/x86_64-linux-gnu/libnss_nis-2.15.so
7fc3389ac000-7fc3389ad000 rw-p 0000b000 08:05 4198044                    /lib/x86_64-linux-gnu/libnss_nis-2.15.so
7fc3389ad000-7fc3389c4000 r-xp 00000000 08:05 4198034                    /lib/x86_64-linux-gnu/libnsl-2.15.so
7fc3389c4000-7fc338bc3000 ---p 00017000 08:05 4198034                    /lib/x86_64-linux-gnu/libnsl-2.15.so
7fc338bc3000-7fc338bc4000 r--p 00016000 08:05 4198034                    /lib/x86_64-linux-gnu/libnsl-2.15.so
7fc338bc4000-7fc338bc5000 rw-p 00017000 08:05 4198034                    /lib/x86_64-linux-gnu/libnsl-2.15.so
7fc338bc5000-7fc338bc7000 rw-p 00000000 00:00 0 
7fc338bc7000-7fc338bcf000 r-xp 00000000 08:05 4198036                    /lib/x86_64-linux-gnu/libnss_compat-2.15.so
7fc338bcf000-7fc338dce000 ---p 00008000 08:05 4198036                    /lib/x86_64-linux-gnu/libnss_compat-2.15.so
7fc338dce000-7fc338dcf000 r--p 00007000 08:05 4198036                    /lib/x86_64-linux-gnu/libnss_compat-2.15.so
7fc338dcf000-7fc338dd0000 rw-p 00008000 08:05 4198036                    /lib/x86_64-linux-gnu/libnss_compat-2.15.so
7fc338dd0000-7fc338dfc000 r-xp 00000000 08:05 1978930                    /usr/lib/jvm/java-6-openjdk-amd64/jre/lib/amd64/libjava.so
7fc338dfc000-7fc338ffb000 ---p 0002c000 08:05 1978930                    /usr/lib/jvm/java-6-openjdk-amd64/jre/lib/amd64/libjava.so
7fc338ffb000-7fc338ffc000 r--p 0002b000 08:05 1978930                    /usr/lib/jvm/java-6-openjdk-amd64/jre/lib/amd64/libjava.so
7fc338ffc000-7fc338fff000 rw-p 0002c000 08:05 1978930                    /usr/lib/jvm/java-6-openjdk-amd64/jre/lib/amd64/libjava.so
7fc338fff000-7fc33900d000 r-xp 00000000 08:05 1978929                    /usr/lib/jvm/java-6-openjdk-amd64/jre/lib/amd64/libverify.so
7fc33900d000-7fc33920c000 ---p 0000e000 08:05 1978929                    /usr/lib/jvm/java-6-openjdk-amd64/jre/lib/amd64/libverify.so
7fc33920c000-7fc33920e000 r--p 0000d000 08:05 1978929                    /usr/lib/jvm/java-6-openjdk-amd64/jre/lib/amd64/libverify.so
7fc33920e000-7fc33920f000 rw-p 0000f000 08:05 1978929                    /usr/lib/jvm/java-6-openjdk-amd64/jre/lib/amd64/libverify.so
7fc33920f000-7fc339216000 r-xp 00000000 08:05 4198075                    /lib/x86_64-linux-gnu/librt-2.15.so
7fc339216000-7fc339415000 ---p 00007000 08:05 4198075                    /lib/x86_64-linux-gnu/librt-2.15.so
7fc339415000-7fc339416000 r--p 00006000 08:05 4198075                    /lib/x86_64-linux-gnu/librt-2.15.so
7fc339416000-7fc339417000 rw-p 00007000 08:05 4198075                    /lib/x86_64-linux-gnu/librt-2.15.so
7fc339417000-7fc33942c000 r-xp 00000000 08:05 4198010                    /lib/x86_64-linux-gnu/libgcc_s.so.1
7fc33942c000-7fc33962b000 ---p 00015000 08:05 4198010                    /lib/x86_64-linux-gnu/libgcc_s.so.1
7fc33962b000-7fc33962c000 r--p 00014000 08:05 4198010                    /lib/x86_64-linux-gnu/libgcc_s.so.1
7fc33962c000-7fc33962d000 rw-p 00015000 08:05 4198010                    /lib/x86_64-linux-gnu/libgcc_s.so.1
7fc33962d000-7fc339728000 r-xp 00000000 08:05 4198021                    /lib/x86_64-linux-gnu/libm-2.15.so
7fc339728000-7fc339927000 ---p 000fb000 08:05 4198021                    /lib/x86_64-linux-gnu/libm-2.15.so
7fc339927000-7fc339928000 r--p 000fa000 08:05 4198021                    /lib/x86_64-linux-gnu/libm-2.15.so
7fc339928000-7fc339929000 rw-p 000fb000 08:05 4198021                    /lib/x86_64-linux-gnu/libm-2.15.so
7fc339929000-7fc339a0b000 r-xp 00000000 08:05 1974217                    /usr/lib/x86_64-linux-gnu/libstdc++.so.6.0.16
7fc339a0b000-7fc339c0a000 ---p 000e2000 08:05 1974217                    /usr/lib/x86_64-linux-gnu/libstdc++.so.6.0.16
7fc339c0a000-7fc339c12000 r--p 000e1000 08:05 1974217                    /usr/lib/x86_64-linux-gnu/libstdc++.so.6.0.16
7fc339c12000-7fc339c14000 rw-p 000e9000 08:05 1974217                    /usr/lib/x86_64-linux-gnu/libstdc++.so.6.0.16
7fc339c14000-7fc339c29000 rw-p 00000000 00:00 0 
7fc339c29000-7fc33a52e000 r-xp 00000000 08:05 2107712                    /usr/lib/jvm/java-6-openjdk-amd64/jre/lib/amd64/server/libjvm.so
7fc33a52e000-7fc33a72e000 ---p 00905000 08:05 2107712                    /usr/lib/jvm/java-6-openjdk-amd64/jre/lib/amd64/server/libjvm.so
7fc33a72e000-7fc33a7ae000 r--p 00905000 08:05 2107712                    /usr/lib/jvm/java-6-openjdk-amd64/jre/lib/amd64/server/libjvm.so
7fc33a7ae000-7fc33a7c9000 rw-p 00985000 08:05 2107712                    /usr/lib/jvm/java-6-openjdk-amd64/jre/lib/amd64/server/libjvm.so
7fc33a7c9000-7fc33a7f2000 rw-p 00000000 00:00 0 
7fc33a7f2000-7fc33a808000 r-xp 00000000 08:05 4198100                    /lib/x86_64-linux-gnu/libz.so.1.2.3.4
7fc33a808000-7fc33aa07000 ---p 00016000 08:05 4198100                    /lib/x86_64-linux-gnu/libz.so.1.2.3.4
7fc33aa07000-7fc33aa08000 r--p 00015000 08:05 4198100                    /lib/x86_64-linux-gnu/libz.so.1.2.3.4
7fc33aa08000-7fc33aa09000 rw-p 00016000 08:05 4198100                    /lib/x86_64-linux-gnu/libz.so.1.2.3.4
7fc33aa09000-7fc33abbe000 r-xp 00000000 08:05 4197989                    /lib/x86_64-linux-gnu/libc-2.15.so
7fc33abbe000-7fc33adbd000 ---p 001b5000 08:05 4197989                    /lib/x86_64-linux-gnu/libc-2.15.so
7fc33adbd000-7fc33adc1000 r--p 001b4000 08:05 4197989                    /lib/x86_64-linux-gnu/libc-2.15.so
7fc33adc1000-7fc33adc3000 rw-p 001b8000 08:05 4197989                    /lib/x86_64-linux-gnu/libc-2.15.so
7fc33adc3000-7fc33adc8000 rw-p 00000000 00:00 0 
7fc33adc8000-7fc33adca000 r-xp 00000000 08:05 4198002                    /lib/x86_64-linux-gnu/libdl-2.15.so
7fc33adca000-7fc33afca000 ---p 00002000 08:05 4198002                    /lib/x86_64-linux-gnu/libdl-2.15.so
7fc33afca000-7fc33afcb000 r--p 00002000 08:05 4198002                    /lib/x86_64-linux-gnu/libdl-2.15.so
7fc33afcb000-7fc33afcc000 rw-p 00003000 08:05 4198002                    /lib/x86_64-linux-gnu/libdl-2.15.so
7fc33afcc000-7fc33afd0000 r-xp 00000000 08:05 1978916                    /usr/lib/jvm/java-6-openjdk-amd64/jre/lib/amd64/jli/libjli.so
7fc33afd0000-7fc33b1cf000 ---p 00004000 08:05 1978916                    /usr/lib/jvm/java-6-openjdk-amd64/jre/lib/amd64/jli/libjli.so
7fc33b1cf000-7fc33b1d0000 r--p 00003000 08:05 1978916                    /usr/lib/jvm/java-6-openjdk-amd64/jre/lib/amd64/jli/libjli.so
7fc33b1d0000-7fc33b1d1000 rw-p 00004000 08:05 1978916                    /usr/lib/jvm/java-6-openjdk-amd64/jre/lib/amd64/jli/libjli.so
7fc33b1d1000-7fc33b1e9000 r-xp 00000000 08:05 4198069                    /lib/x86_64-linux-gnu/libpthread-2.15.so
7fc33b1e9000-7fc33b3e8000 ---p 00018000 08:05 4198069                    /lib/x86_64-linux-gnu/libpthread-2.15.so
7fc33b3e8000-7fc33b3e9000 r--p 00017000 08:05 4198069                    /lib/x86_64-linux-gnu/libpthread-2.15.so
7fc33b3e9000-7fc33b3ea000 rw-p 00018000 08:05 4198069                    /lib/x86_64-linux-gnu/libpthread-2.15.so
7fc33b3ea000-7fc33b3ee000 rw-p 00000000 00:00 0 
7fc33b3ee000-7fc33b410000 r-xp 00000000 08:05 4197969                    /lib/x86_64-linux-gnu/ld-2.15.so
7fc33b42f000-7fc33b439000 rw-p 00000000 00:00 0 
7fc33b439000-7fc33b4ef000 rw-p 00000000 00:00 0 
7fc33b4ef000-7fc33b4f2000 ---p 00000000 00:00 0 
7fc33b4f2000-7fc33b5f5000 rw-p 00000000 00:00 0                          [stack:8192]
7fc33b604000-7fc33b60c000 rw-s 00000000 08:05 3041711                    /tmp/hsperfdata_omar/8188
7fc33b60c000-7fc33b60d000 rw-p 00000000 00:00 0 
7fc33b60d000-7fc33b60e000 r--p 00000000 00:00 0 
7fc33b60e000-7fc33b610000 rw-p 00000000 00:00 0 
7fc33b610000-7fc33b611000 r--p 00022000 08:05 4197969                    /lib/x86_64-linux-gnu/ld-2.15.so
7fc33b611000-7fc33b613000 rw-p 00023000 08:05 4197969                    /lib/x86_64-linux-gnu/ld-2.15.so
7fffa38d3000-7fffa38f4000 rw-p 00000000 00:00 0                          [stack]
7fffa399a000-7fffa399b000 r-xp 00000000 00:00 0                          [vdso]
ffffffffff600000-ffffffffff601000 r-xp 00000000 00:00 0                  [vsyscall]

VM Arguments:
jvm_args: -Dfile.encoding=UTF-8 -Xbootclasspath:/home/omar/Escritorio/adt-bundle-linux-x86_64-20130219/sdk/platforms/android-17/android.jar 
java_command: com.example.udp1.Main
Launcher Type: SUN_STANDARD

Environment Variables:
PATH=/usr/lib/lightdm/lightdm:/usr/local/sbin:/usr/local/bin:/usr/sbin:/usr/bin:/sbin:/bin:/usr/games
LD_LIBRARY_PATH=/usr/lib/jvm/java-6-openjdk-amd64/jre/lib/amd64/server:/usr/lib/jvm/java-6-openjdk-amd64/jre/lib/amd64:/usr/lib/jvm/java-6-openjdk-amd64/jre/../lib/amd64
SHELL=/bin/bash
DISPLAY=:0.0

Signal Handlers:
SIGSEGV: [libjvm.so+0x785360], sa_mask[0]=0x7ffbfeff, sa_flags=0x10000004
SIGBUS: [libjvm.so+0x785360], sa_mask[0]=0x7ffbfeff, sa_flags=0x10000004
SIGFPE: [libjvm.so+0x648dc0], sa_mask[0]=0x7ffbfeff, sa_flags=0x10000004
SIGPIPE: [libjvm.so+0x648dc0], sa_mask[0]=0x7ffbfeff, sa_flags=0x10000004
SIGXFSZ: [libjvm.so+0x648dc0], sa_mask[0]=0x7ffbfeff, sa_flags=0x10000004
SIGILL: [libjvm.so+0x648dc0], sa_mask[0]=0x7ffbfeff, sa_flags=0x10000004
SIGUSR1: SIG_DFL, sa_mask[0]=0x00000000, sa_flags=0x00000000
SIGUSR2: [libjvm.so+0x648f70], sa_mask[0]=0x00000004, sa_flags=0x10000004
SIGHUP: SIG_DFL, sa_mask[0]=0x00000000, sa_flags=0x00000000
SIGINT: SIG_DFL, sa_mask[0]=0x00000000, sa_flags=0x00000000
SIGTERM: SIG_DFL, sa_mask[0]=0x00000000, sa_flags=0x00000000
SIGQUIT: SIG_DFL, sa_mask[0]=0x00000000, sa_flags=0x00000000


---------------  S Y S T E M  ---------------

OS:Ubuntu 12.04 (precise)
uname:Linux 3.5.0-23-generic #35~precise1-Ubuntu SMP Fri Jan 25 17:13:26 UTC 2013 x86_64
libc:glibc 2.15 NPTL 2.15 
rlimit: STACK 8192k, CORE 0k, NPROC 47200, NOFILE 4096, AS infinity
load average:0.23 0.50 0.52

/proc/meminfo:
MemTotal:        6060212 kB
MemFree:         2641064 kB
Buffers:          142500 kB
Cached:          1704884 kB
SwapCached:            0 kB
Active:          1906168 kB
Inactive:        1266532 kB
Active(anon):    1461528 kB
Inactive(anon):   369960 kB
Active(file):     444640 kB
Inactive(file):   896572 kB
Unevictable:           0 kB
Mlocked:               0 kB
SwapTotal:       6236156 kB
SwapFree:        6236156 kB
Dirty:                56 kB
Writeback:             0 kB
AnonPages:       1325556 kB
Mapped:           186864 kB
Shmem:            506176 kB
Slab:             110736 kB
SReclaimable:      71108 kB
SUnreclaim:        39628 kB
KernelStack:        4376 kB
PageTables:        38200 kB
NFS_Unstable:          0 kB
Bounce:                0 kB
WritebackTmp:          0 kB
CommitLimit:     9266260 kB
Committed_AS:    5279252 kB
VmallocTotal:   34359738367 kB
VmallocUsed:      564564 kB
VmallocChunk:   34359142460 kB
HardwareCorrupted:     0 kB
AnonHugePages:         0 kB
HugePages_Total:       0
HugePages_Free:        0
HugePages_Rsvd:        0
HugePages_Surp:        0
Hugepagesize:       2048 kB
DirectMap4k:       77824 kB
DirectMap2M:     6162432 kB


CPU:total 8 (4 cores per cpu, 2 threads per core) family 6 model 42 stepping 7, cmov, cx8, fxsr, mmx, sse, sse2, sse3, ssse3, sse4.1, sse4.2, popcnt, ht

Memory: 4k page, physical 6060212k(2640096k free), swap 6236156k(6236156k free)

vm_info: OpenJDK 64-Bit Server VM (20.0-b12) for linux-amd64 JRE (1.6.0_27-b27), built on Mar  5 2013 00:27:30 by "buildd" with gcc 4.6.3

time: Thu Apr 18 23:09:32 2013
elapsed time: 0 seconds

