#
# A fatal error has been detected by the Java Runtime Environment:
#
#  Internal Error (classFileParser.cpp:3494), pid=8289, tid=139813936813824
#  Error: ShouldNotReachHere()
#
# JRE version: 6.0_27-b27
# Java VM: OpenJDK 64-Bit Server VM (20.0-b12 mixed mode linux-amd64 compressed oops)
# Derivative: IcedTea6 1.12.3
# Distribution: Ubuntu 12.04 LTS, package 6b27-1.12.3-0ubuntu1~12.04.1
# If you would like to submit a bug report, please include
# instructions how to reproduce the bug and visit:
#   https://bugs.launchpad.net/ubuntu/+source/openjdk-6/
#

---------------  T H R E A D  ---------------

Current thread (0x00007f28f0007800):  JavaThread "Unknown thread" [_thread_in_vm, id=8294, stack(0x00007f28f7f9d000,0x00007f28f809e000)]

Stack: [0x00007f28f7f9d000,0x00007f28f809e000],  sp=0x00007f28f809c080,  free space=1020k
Native frames: (J=compiled Java code, j=interpreted, Vv=VM code, C=native code)
V  [libjvm.so+0x784725]  VMError::report(outputStream*)+0x1255
V  [libjvm.so+0x7849a9]  VMError::report_and_die()+0x169
V  [libjvm.so+0x3bb66a]  report_vm_error(char const*, int, char const*, char const*)+0x4a
V  [libjvm.so+0x351a05]  ClassFileParser::parseClassFile(symbolHandle, Handle, Handle, KlassHandle, GrowableArray<Handle>*, symbolHandle&, bool, Thread*)+0x1545
V  [libjvm.so+0x355c63]  ClassLoader::load_classfile(symbolHandle, Thread*)+0x1f3
V  [libjvm.so+0x71c8d4]  SystemDictionary::load_instance_class(symbolHandle, Handle, Thread*)+0x354
V  [libjvm.so+0x71afe0]  SystemDictionary::resolve_instance_class_or_null(symbolHandle, Handle, Handle, Thread*)+0x7c0
V  [libjvm.so+0x71cf63]  SystemDictionary::resolve_or_fail(symbolHandle, Handle, Handle, bool, Thread*)+0x33
V  [libjvm.so+0x71d044]  SystemDictionary::resolve_or_fail(symbolHandle, bool, Thread*)+0x14
V  [libjvm.so+0x71d0f0]  SystemDictionary::initialize_wk_klass(SystemDictionary::WKID, int, Thread*)+0xa0
V  [libjvm.so+0x71d159]  SystemDictionary::initialize_wk_klasses_until(SystemDictionary::WKID, SystemDictionary::WKID&, Thread*)+0x59
V  [libjvm.so+0x71d251]  SystemDictionary::initialize_preloaded_classes(Thread*)+0x71
V  [libjvm.so+0x760adf]  Universe::genesis(Thread*)+0x11f
V  [libjvm.so+0x76148f]  universe2_init()+0x1f
V  [libjvm.so+0x4746f5]  init_globals()+0x95
V  [libjvm.so+0x74b40a]  Threads::create_vm(JavaVMInitArgs*, bool*)+0x1ea
V  [libjvm.so+0x4ce551]  JNI_CreateJavaVM+0x61
C  [java+0x317e]  JavaMain+0x7e


---------------  P R O C E S S  ---------------

Java Threads: ( => current thread )

Other Threads:

=>0x00007f28f0007800 (exited) JavaThread "Unknown thread" [_thread_in_vm, id=8294, stack(0x00007f28f7f9d000,0x00007f28f809e000)]

VM state:not at safepoint (not fully initialized)

VM Mutex/Monitor currently owned by a thread: None

Dynamic libraries:
00400000-00409000 r-xp 00000000 08:05 2107714                            /usr/lib/jvm/java-6-openjdk-amd64/jre/bin/java
00608000-00609000 r--p 00008000 08:05 2107714                            /usr/lib/jvm/java-6-openjdk-amd64/jre/bin/java
00609000-0060a000 rw-p 00009000 08:05 2107714                            /usr/lib/jvm/java-6-openjdk-amd64/jre/bin/java
01711000-01732000 rw-p 00000000 00:00 0                                  [heap]
99200000-9a6c0000 rw-p 00000000 00:00 0 
9a6c0000-a3800000 rw-p 00000000 00:00 0 
a3800000-a75b0000 rw-p 00000000 00:00 0 
a75b0000-e12b0000 rw-p 00000000 00:00 0 
e12b0000-e3180000 rw-p 00000000 00:00 0 
e3180000-100000000 rw-p 00000000 00:00 0 
7f28b0000000-7f28b0021000 rw-p 00000000 00:00 0 
7f28b0021000-7f28b4000000 ---p 00000000 00:00 0 
7f28b8000000-7f28b8021000 rw-p 00000000 00:00 0 
7f28b8021000-7f28bc000000 ---p 00000000 00:00 0 
7f28c0000000-7f28c0021000 rw-p 00000000 00:00 0 
7f28c0021000-7f28c4000000 ---p 00000000 00:00 0 
7f28c8000000-7f28c8021000 rw-p 00000000 00:00 0 
7f28c8021000-7f28cc000000 ---p 00000000 00:00 0 
7f28d0000000-7f28d0021000 rw-p 00000000 00:00 0 
7f28d0021000-7f28d4000000 ---p 00000000 00:00 0 
7f28d8000000-7f28d8021000 rw-p 00000000 00:00 0 
7f28d8021000-7f28dc000000 ---p 00000000 00:00 0 
7f28e0000000-7f28e0021000 rw-p 00000000 00:00 0 
7f28e0021000-7f28e4000000 ---p 00000000 00:00 0 
7f28e8000000-7f28e8021000 rw-p 00000000 00:00 0 
7f28e8021000-7f28ec000000 ---p 00000000 00:00 0 
7f28ecf3a000-7f28ed000000 r--s 0116f000 08:05 4072361                    /home/omar/Escritorio/adt-bundle-linux-x86_64-20130219/sdk/platforms/android-17/android.jar
7f28ed000000-7f28ed270000 rwxp 00000000 00:00 0 
7f28ed270000-7f28f0087000 rw-p 00000000 00:00 0 
7f28f0087000-7f28f4000000 ---p 00000000 00:00 0 
7f28f4091000-7f28f40b9000 rw-p 00000000 00:00 0 
7f28f40b9000-7f28f40ba000 ---p 00000000 00:00 0 
7f28f40ba000-7f28f41ba000 rw-p 00000000 00:00 0                          [stack:8302]
7f28f41ba000-7f28f41bb000 ---p 00000000 00:00 0 
7f28f41bb000-7f28f42bb000 rw-p 00000000 00:00 0                          [stack:8301]
7f28f42bb000-7f28f42bc000 ---p 00000000 00:00 0 
7f28f42bc000-7f28f43bc000 rw-p 00000000 00:00 0                          [stack:8300]
7f28f43bc000-7f28f43bd000 ---p 00000000 00:00 0 
7f28f43bd000-7f28f44bd000 rw-p 00000000 00:00 0                          [stack:8299]
7f28f44bd000-7f28f44be000 ---p 00000000 00:00 0 
7f28f44be000-7f28f45be000 rw-p 00000000 00:00 0                          [stack:8298]
7f28f45be000-7f28f45bf000 ---p 00000000 00:00 0 
7f28f45bf000-7f28f46bf000 rw-p 00000000 00:00 0                          [stack:8297]
7f28f46bf000-7f28f46c0000 ---p 00000000 00:00 0 
7f28f46c0000-7f28f47c0000 rw-p 00000000 00:00 0                          [stack:8296]
7f28f47c0000-7f28f47c1000 ---p 00000000 00:00 0 
7f28f47c1000-7f28f48cc000 rw-p 00000000 00:00 0                          [stack:8295]
7f28f48cc000-7f28f4914000 rw-p 00000000 00:00 0 
7f28f4914000-7f28f4933000 rw-p 00000000 00:00 0 
7f28f4933000-7f28f4b02000 rw-p 00000000 00:00 0 
7f28f4b02000-7f28f4b0d000 rw-p 00000000 00:00 0 
7f28f4b0d000-7f28f4b55000 rw-p 00000000 00:00 0 
7f28f4b55000-7f28f4b74000 rw-p 00000000 00:00 0 
7f28f4b74000-7f28f4d42000 rw-p 00000000 00:00 0 
7f28f4d42000-7f28f4d52000 rw-p 00000000 00:00 0 
7f28f4d52000-7f28f4e39000 rw-p 00000000 00:00 0 
7f28f4e39000-7f28f4e3a000 rw-p 00000000 00:00 0 
7f28f4e3a000-7f28f4e41000 r-xp 00000000 08:05 1978942                    /usr/lib/jvm/java-6-openjdk-amd64/jre/lib/amd64/libzip.so
7f28f4e41000-7f28f5040000 ---p 00007000 08:05 1978942                    /usr/lib/jvm/java-6-openjdk-amd64/jre/lib/amd64/libzip.so
7f28f5040000-7f28f5041000 r--p 00006000 08:05 1978942                    /usr/lib/jvm/java-6-openjdk-amd64/jre/lib/amd64/libzip.so
7f28f5041000-7f28f5042000 rw-p 00007000 08:05 1978942                    /usr/lib/jvm/java-6-openjdk-amd64/jre/lib/amd64/libzip.so
7f28f5042000-7f28f504e000 r-xp 00000000 08:05 4198040                    /lib/x86_64-linux-gnu/libnss_files-2.15.so
7f28f504e000-7f28f524d000 ---p 0000c000 08:05 4198040                    /lib/x86_64-linux-gnu/libnss_files-2.15.so
7f28f524d000-7f28f524e000 r--p 0000b000 08:05 4198040                    /lib/x86_64-linux-gnu/libnss_files-2.15.so
7f28f524e000-7f28f524f000 rw-p 0000c000 08:05 4198040                    /lib/x86_64-linux-gnu/libnss_files-2.15.so
7f28f524f000-7f28f5259000 r-xp 00000000 08:05 4198044                    /lib/x86_64-linux-gnu/libnss_nis-2.15.so
7f28f5259000-7f28f5459000 ---p 0000a000 08:05 4198044                    /lib/x86_64-linux-gnu/libnss_nis-2.15.so
7f28f5459000-7f28f545a000 r--p 0000a000 08:05 4198044                    /lib/x86_64-linux-gnu/libnss_nis-2.15.so
7f28f545a000-7f28f545b000 rw-p 0000b000 08:05 4198044                    /lib/x86_64-linux-gnu/libnss_nis-2.15.so
7f28f545b000-7f28f5472000 r-xp 00000000 08:05 4198034                    /lib/x86_64-linux-gnu/libnsl-2.15.so
7f28f5472000-7f28f5671000 ---p 00017000 08:05 4198034                    /lib/x86_64-linux-gnu/libnsl-2.15.so
7f28f5671000-7f28f5672000 r--p 00016000 08:05 4198034                    /lib/x86_64-linux-gnu/libnsl-2.15.so
7f28f5672000-7f28f5673000 rw-p 00017000 08:05 4198034                    /lib/x86_64-linux-gnu/libnsl-2.15.so
7f28f5673000-7f28f5675000 rw-p 00000000 00:00 0 
7f28f5675000-7f28f567d000 r-xp 00000000 08:05 4198036                    /lib/x86_64-linux-gnu/libnss_compat-2.15.so
7f28f567d000-7f28f587c000 ---p 00008000 08:05 4198036                    /lib/x86_64-linux-gnu/libnss_compat-2.15.so
7f28f587c000-7f28f587d000 r--p 00007000 08:05 4198036                    /lib/x86_64-linux-gnu/libnss_compat-2.15.so
7f28f587d000-7f28f587e000 rw-p 00008000 08:05 4198036                    /lib/x86_64-linux-gnu/libnss_compat-2.15.so
7f28f587e000-7f28f58aa000 r-xp 00000000 08:05 1978930                    /usr/lib/jvm/java-6-openjdk-amd64/jre/lib/amd64/libjava.so
7f28f58aa000-7f28f5aa9000 ---p 0002c000 08:05 1978930                    /usr/lib/jvm/java-6-openjdk-amd64/jre/lib/amd64/libjava.so
7f28f5aa9000-7f28f5aaa000 r--p 0002b000 08:05 1978930                    /usr/lib/jvm/java-6-openjdk-amd64/jre/lib/amd64/libjava.so
7f28f5aaa000-7f28f5aad000 rw-p 0002c000 08:05 1978930                    /usr/lib/jvm/java-6-openjdk-amd64/jre/lib/amd64/libjava.so
7f28f5aad000-7f28f5abb000 r-xp 00000000 08:05 1978929                    /usr/lib/jvm/java-6-openjdk-amd64/jre/lib/amd64/libverify.so
7f28f5abb000-7f28f5cba000 ---p 0000e000 08:05 1978929                    /usr/lib/jvm/java-6-openjdk-amd64/jre/lib/amd64/libverify.so
7f28f5cba000-7f28f5cbc000 r--p 0000d000 08:05 1978929                    /usr/lib/jvm/java-6-openjdk-amd64/jre/lib/amd64/libverify.so
7f28f5cbc000-7f28f5cbd000 rw-p 0000f000 08:05 1978929                    /usr/lib/jvm/java-6-openjdk-amd64/jre/lib/amd64/libverify.so
7f28f5cbd000-7f28f5cc4000 r-xp 00000000 08:05 4198075                    /lib/x86_64-linux-gnu/librt-2.15.so
7f28f5cc4000-7f28f5ec3000 ---p 00007000 08:05 4198075                    /lib/x86_64-linux-gnu/librt-2.15.so
7f28f5ec3000-7f28f5ec4000 r--p 00006000 08:05 4198075                    /lib/x86_64-linux-gnu/librt-2.15.so
7f28f5ec4000-7f28f5ec5000 rw-p 00007000 08:05 4198075                    /lib/x86_64-linux-gnu/librt-2.15.so
7f28f5ec5000-7f28f5eda000 r-xp 00000000 08:05 4198010                    /lib/x86_64-linux-gnu/libgcc_s.so.1
7f28f5eda000-7f28f60d9000 ---p 00015000 08:05 4198010                    /lib/x86_64-linux-gnu/libgcc_s.so.1
7f28f60d9000-7f28f60da000 r--p 00014000 08:05 4198010                    /lib/x86_64-linux-gnu/libgcc_s.so.1
7f28f60da000-7f28f60db000 rw-p 00015000 08:05 4198010                    /lib/x86_64-linux-gnu/libgcc_s.so.1
7f28f60db000-7f28f61d6000 r-xp 00000000 08:05 4198021                    /lib/x86_64-linux-gnu/libm-2.15.so
7f28f61d6000-7f28f63d5000 ---p 000fb000 08:05 4198021                    /lib/x86_64-linux-gnu/libm-2.15.so
7f28f63d5000-7f28f63d6000 r--p 000fa000 08:05 4198021                    /lib/x86_64-linux-gnu/libm-2.15.so
7f28f63d6000-7f28f63d7000 rw-p 000fb000 08:05 4198021                    /lib/x86_64-linux-gnu/libm-2.15.so
7f28f63d7000-7f28f64b9000 r-xp 00000000 08:05 1974217                    /usr/lib/x86_64-linux-gnu/libstdc++.so.6.0.16
7f28f64b9000-7f28f66b8000 ---p 000e2000 08:05 1974217                    /usr/lib/x86_64-linux-gnu/libstdc++.so.6.0.16
7f28f66b8000-7f28f66c0000 r--p 000e1000 08:05 1974217                    /usr/lib/x86_64-linux-gnu/libstdc++.so.6.0.16
7f28f66c0000-7f28f66c2000 rw-p 000e9000 08:05 1974217                    /usr/lib/x86_64-linux-gnu/libstdc++.so.6.0.16
7f28f66c2000-7f28f66d7000 rw-p 00000000 00:00 0 
7f28f66d7000-7f28f6fdc000 r-xp 00000000 08:05 2107712                    /usr/lib/jvm/java-6-openjdk-amd64/jre/lib/amd64/server/libjvm.so
7f28f6fdc000-7f28f71dc000 ---p 00905000 08:05 2107712                    /usr/lib/jvm/java-6-openjdk-amd64/jre/lib/amd64/server/libjvm.so
7f28f71dc000-7f28f725c000 r--p 00905000 08:05 2107712                    /usr/lib/jvm/java-6-openjdk-amd64/jre/lib/amd64/server/libjvm.so
7f28f725c000-7f28f7277000 rw-p 00985000 08:05 2107712                    /usr/lib/jvm/java-6-openjdk-amd64/jre/lib/amd64/server/libjvm.so
7f28f7277000-7f28f72a0000 rw-p 00000000 00:00 0 
7f28f72a0000-7f28f72b6000 r-xp 00000000 08:05 4198100                    /lib/x86_64-linux-gnu/libz.so.1.2.3.4
7f28f72b6000-7f28f74b5000 ---p 00016000 08:05 4198100                    /lib/x86_64-linux-gnu/libz.so.1.2.3.4
7f28f74b5000-7f28f74b6000 r--p 00015000 08:05 4198100                    /lib/x86_64-linux-gnu/libz.so.1.2.3.4
7f28f74b6000-7f28f74b7000 rw-p 00016000 08:05 4198100                    /lib/x86_64-linux-gnu/libz.so.1.2.3.4
7f28f74b7000-7f28f766c000 r-xp 00000000 08:05 4197989                    /lib/x86_64-linux-gnu/libc-2.15.so
7f28f766c000-7f28f786b000 ---p 001b5000 08:05 4197989                    /lib/x86_64-linux-gnu/libc-2.15.so
7f28f786b000-7f28f786f000 r--p 001b4000 08:05 4197989                    /lib/x86_64-linux-gnu/libc-2.15.so
7f28f786f000-7f28f7871000 rw-p 001b8000 08:05 4197989                    /lib/x86_64-linux-gnu/libc-2.15.so
7f28f7871000-7f28f7876000 rw-p 00000000 00:00 0 
7f28f7876000-7f28f7878000 r-xp 00000000 08:05 4198002                    /lib/x86_64-linux-gnu/libdl-2.15.so
7f28f7878000-7f28f7a78000 ---p 00002000 08:05 4198002                    /lib/x86_64-linux-gnu/libdl-2.15.so
7f28f7a78000-7f28f7a79000 r--p 00002000 08:05 4198002                    /lib/x86_64-linux-gnu/libdl-2.15.so
7f28f7a79000-7f28f7a7a000 rw-p 00003000 08:05 4198002                    /lib/x86_64-linux-gnu/libdl-2.15.so
7f28f7a7a000-7f28f7a7e000 r-xp 00000000 08:05 1978916                    /usr/lib/jvm/java-6-openjdk-amd64/jre/lib/amd64/jli/libjli.so
7f28f7a7e000-7f28f7c7d000 ---p 00004000 08:05 1978916                    /usr/lib/jvm/java-6-openjdk-amd64/jre/lib/amd64/jli/libjli.so
7f28f7c7d000-7f28f7c7e000 r--p 00003000 08:05 1978916                    /usr/lib/jvm/java-6-openjdk-amd64/jre/lib/amd64/jli/libjli.so
7f28f7c7e000-7f28f7c7f000 rw-p 00004000 08:05 1978916                    /usr/lib/jvm/java-6-openjdk-amd64/jre/lib/amd64/jli/libjli.so
7f28f7c7f000-7f28f7c97000 r-xp 00000000 08:05 4198069                    /lib/x86_64-linux-gnu/libpthread-2.15.so
7f28f7c97000-7f28f7e96000 ---p 00018000 08:05 4198069                    /lib/x86_64-linux-gnu/libpthread-2.15.so
7f28f7e96000-7f28f7e97000 r--p 00017000 08:05 4198069                    /lib/x86_64-linux-gnu/libpthread-2.15.so
7f28f7e97000-7f28f7e98000 rw-p 00018000 08:05 4198069                    /lib/x86_64-linux-gnu/libpthread-2.15.so
7f28f7e98000-7f28f7e9c000 rw-p 00000000 00:00 0 
7f28f7e9c000-7f28f7ebe000 r-xp 00000000 08:05 4197969                    /lib/x86_64-linux-gnu/ld-2.15.so
7f28f7edd000-7f28f7ee7000 rw-p 00000000 00:00 0 
7f28f7ee7000-7f28f7f9d000 rw-p 00000000 00:00 0 
7f28f7f9d000-7f28f7fa0000 ---p 00000000 00:00 0 
7f28f7fa0000-7f28f80a3000 rw-p 00000000 00:00 0                          [stack:8294]
7f28f80b2000-7f28f80ba000 rw-s 00000000 08:05 3041711                    /tmp/hsperfdata_omar/8289
7f28f80ba000-7f28f80bb000 rw-p 00000000 00:00 0 
7f28f80bb000-7f28f80bc000 r--p 00000000 00:00 0 
7f28f80bc000-7f28f80be000 rw-p 00000000 00:00 0 
7f28f80be000-7f28f80bf000 r--p 00022000 08:05 4197969                    /lib/x86_64-linux-gnu/ld-2.15.so
7f28f80bf000-7f28f80c1000 rw-p 00023000 08:05 4197969                    /lib/x86_64-linux-gnu/ld-2.15.so
7fffd61ce000-7fffd61ef000 rw-p 00000000 00:00 0                          [stack]
7fffd61ff000-7fffd6200000 r-xp 00000000 00:00 0                          [vdso]
ffffffffff600000-ffffffffff601000 r-xp 00000000 00:00 0                  [vsyscall]

VM Arguments:
jvm_args: -Dfile.encoding=UTF-8 -Xbootclasspath:/home/omar/Escritorio/adt-bundle-linux-x86_64-20130219/sdk/platforms/android-17/android.jar 
java_command: com.example.udp1.Main
Launcher Type: SUN_STANDARD

Environment Variables:
PATH=/usr/lib/lightdm/lightdm:/usr/local/sbin:/usr/local/bin:/usr/sbin:/usr/bin:/sbin:/bin:/usr/games
LD_LIBRARY_PATH=/usr/lib/jvm/java-6-openjdk-amd64/jre/lib/amd64/server:/usr/lib/jvm/java-6-openjdk-amd64/jre/lib/amd64:/usr/lib/jvm/java-6-openjdk-amd64/jre/../lib/amd64
SHELL=/bin/bash
DISPLAY=:0.0

Signal Handlers:
SIGSEGV: [libjvm.so+0x785360], sa_mask[0]=0x7ffbfeff, sa_flags=0x10000004
SIGBUS: [libjvm.so+0x785360], sa_mask[0]=0x7ffbfeff, sa_flags=0x10000004
SIGFPE: [libjvm.so+0x648dc0], sa_mask[0]=0x7ffbfeff, sa_flags=0x10000004
SIGPIPE: [libjvm.so+0x648dc0], sa_mask[0]=0x7ffbfeff, sa_flags=0x10000004
SIGXFSZ: [libjvm.so+0x648dc0], sa_mask[0]=0x7ffbfeff, sa_flags=0x10000004
SIGILL: [libjvm.so+0x648dc0], sa_mask[0]=0x7ffbfeff, sa_flags=0x10000004
SIGUSR1: SIG_DFL, sa_mask[0]=0x00000000, sa_flags=0x00000000
SIGUSR2: [libjvm.so+0x648f70], sa_mask[0]=0x00000004, sa_flags=0x10000004
SIGHUP: SIG_DFL, sa_mask[0]=0x00000000, sa_flags=0x00000000
SIGINT: SIG_DFL, sa_mask[0]=0x00000000, sa_flags=0x00000000
SIGTERM: SIG_DFL, sa_mask[0]=0x00000000, sa_flags=0x00000000
SIGQUIT: SIG_DFL, sa_mask[0]=0x00000000, sa_flags=0x00000000


---------------  S Y S T E M  ---------------

OS:Ubuntu 12.04 (precise)
uname:Linux 3.5.0-23-generic #35~precise1-Ubuntu SMP Fri Jan 25 17:13:26 UTC 2013 x86_64
libc:glibc 2.15 NPTL 2.15 
rlimit: STACK 8192k, CORE 0k, NPROC 47200, NOFILE 4096, AS infinity
load average:0.24 0.39 0.48

/proc/meminfo:
MemTotal:        6060212 kB
MemFree:         2574204 kB
Buffers:          143196 kB
Cached:          1704032 kB
SwapCached:            0 kB
Active:          1990368 kB
Inactive:        1249616 kB
Active(anon):    1544928 kB
Inactive(anon):   352980 kB
Active(file):     445440 kB
Inactive(file):   896636 kB
Unevictable:           0 kB
Mlocked:               0 kB
SwapTotal:       6236156 kB
SwapFree:        6236156 kB
Dirty:               232 kB
Writeback:             0 kB
AnonPages:       1393376 kB
Mapped:           189280 kB
Shmem:            505164 kB
Slab:             110648 kB
SReclaimable:      71104 kB
SUnreclaim:        39544 kB
KernelStack:        4384 kB
PageTables:        38288 kB
NFS_Unstable:          0 kB
Bounce:                0 kB
WritebackTmp:          0 kB
CommitLimit:     9266260 kB
Committed_AS:    5290280 kB
VmallocTotal:   34359738367 kB
VmallocUsed:      564500 kB
VmallocChunk:   34359141004 kB
HardwareCorrupted:     0 kB
AnonHugePages:         0 kB
HugePages_Total:       0
HugePages_Free:        0
HugePages_Rsvd:        0
HugePages_Surp:        0
Hugepagesize:       2048 kB
DirectMap4k:       77824 kB
DirectMap2M:     6162432 kB


CPU:total 8 (4 cores per cpu, 2 threads per core) family 6 model 42 stepping 7, cmov, cx8, fxsr, mmx, sse, sse2, sse3, ssse3, sse4.1, sse4.2, popcnt, ht

Memory: 4k page, physical 6060212k(2574204k free), swap 6236156k(6236156k free)

vm_info: OpenJDK 64-Bit Server VM (20.0-b12) for linux-amd64 JRE (1.6.0_27-b27), built on Mar  5 2013 00:27:30 by "buildd" with gcc 4.6.3

time: Thu Apr 18 23:11:31 2013
elapsed time: 0 seconds

